D:\DAUMCLOUD\WORKING_SPACE\수영\정리\연구\PUBLICATION\2014년\SCI (WSN 보안을 위한 키 재분배)\실험\WSNSECSIMNEW(20140912)\BRANCHES\DIHA_NEWLKH\DEBUG\DIHA_NEWLKH.EXE
D:\DAUMCLOUD\WORKING_SPACE\수영\정리\연구\PUBLICATION\2014년\SCI (WSN 보안을 위한 키 재분배)\실험\WSNSECSIMNEW(20140912)\BRANCHES\DIHA_NEWLKH\DEBUG\DIHA_NEWLKH.PDB
D:\DAUMCLOUD\WORKING_SPACE\수영\정리\연구\PUBLICATION\2014년\SCI (WSN 보안을 위한 키 재분배)\실험\WSNSECSIMNEW(20140912)\BRANCHES\DIHA_NEWLKH\DIHA_NEWLKH\DEBUG\ASTAR.OBJ
D:\DAUMCLOUD\WORKING_SPACE\수영\정리\연구\PUBLICATION\2014년\SCI (WSN 보안을 위한 키 재분배)\실험\WSNSECSIMNEW(20140912)\BRANCHES\DIHA_NEWLKH\DIHA_NEWLKH\DEBUG\ATK.OBJ
D:\DAUMCLOUD\WORKING_SPACE\수영\정리\연구\PUBLICATION\2014년\SCI (WSN 보안을 위한 키 재분배)\실험\WSNSECSIMNEW(20140912)\BRANCHES\DIHA_NEWLKH\DIHA_NEWLKH\DEBUG\ATK_FRA.OBJ
D:\DAUMCLOUD\WORKING_SPACE\수영\정리\연구\PUBLICATION\2014년\SCI (WSN 보안을 위한 키 재분배)\실험\WSNSECSIMNEW(20140912)\BRANCHES\DIHA_NEWLKH\DIHA_NEWLKH\DEBUG\BS.OBJ
D:\DaumCloud\Working_Space\수영\정리\연구\Publication\2014년\SCI (WSN 보안을 위한 키 재분배)\실험\wsnsecsimNew(20140912)\branches\DIHA_NEWLKH\DIHA_NEWLKH\Debug\cl.command.1.tlog
D:\DaumCloud\Working_Space\수영\정리\연구\Publication\2014년\SCI (WSN 보안을 위한 키 재분배)\실험\wsnsecsimNew(20140912)\branches\DIHA_NEWLKH\DIHA_NEWLKH\Debug\CL.read.1.tlog
D:\DaumCloud\Working_Space\수영\정리\연구\Publication\2014년\SCI (WSN 보안을 위한 키 재분배)\실험\wsnsecsimNew(20140912)\branches\DIHA_NEWLKH\DIHA_NEWLKH\Debug\CL.write.1.tlog
D:\DAUMCLOUD\WORKING_SPACE\수영\정리\연구\PUBLICATION\2014년\SCI (WSN 보안을 위한 키 재분배)\실험\WSNSECSIMNEW(20140912)\BRANCHES\DIHA_NEWLKH\DIHA_NEWLKH\DEBUG\DIHA_NEWLKH.EXE.INTERMEDIATE.MANIFEST
D:\DaumCloud\Working_Space\수영\정리\연구\Publication\2014년\SCI (WSN 보안을 위한 키 재분배)\실험\wsnsecsimNew(20140912)\branches\DIHA_NEWLKH\DIHA_NEWLKH\Debug\DIHA_NEWLKH.vcxprojResolveAssemblyReference.cache
D:\DaumCloud\Working_Space\수영\정리\연구\Publication\2014년\SCI (WSN 보안을 위한 키 재분배)\실험\wsnsecsimNew(20140912)\branches\DIHA_NEWLKH\DIHA_NEWLKH\Debug\DIHA_NEWLKH.write.1.tlog
D:\DAUMCLOUD\WORKING_SPACE\수영\정리\연구\PUBLICATION\2014년\SCI (WSN 보안을 위한 키 재분배)\실험\WSNSECSIMNEW(20140912)\BRANCHES\DIHA_NEWLKH\DIHA_NEWLKH\DEBUG\EVAL.OBJ
D:\DAUMCLOUD\WORKING_SPACE\수영\정리\연구\PUBLICATION\2014년\SCI (WSN 보안을 위한 키 재분배)\실험\WSNSECSIMNEW(20140912)\BRANCHES\DIHA_NEWLKH\DIHA_NEWLKH\DEBUG\FUZZY.OBJ
D:\DAUMCLOUD\WORKING_SPACE\수영\정리\연구\PUBLICATION\2014년\SCI (WSN 보안을 위한 키 재분배)\실험\WSNSECSIMNEW(20140912)\BRANCHES\DIHA_NEWLKH\DIHA_NEWLKH\DEBUG\GA.OBJ
D:\DAUMCLOUD\WORKING_SPACE\수영\정리\연구\PUBLICATION\2014년\SCI (WSN 보안을 위한 키 재분배)\실험\WSNSECSIMNEW(20140912)\BRANCHES\DIHA_NEWLKH\DIHA_NEWLKH\DEBUG\KMR.OBJ
D:\DAUMCLOUD\WORKING_SPACE\수영\정리\연구\PUBLICATION\2014년\SCI (WSN 보안을 위한 키 재분배)\실험\WSNSECSIMNEW(20140912)\BRANCHES\DIHA_NEWLKH\DIHA_NEWLKH\DEBUG\KMR_IHA.OBJ
D:\DAUMCLOUD\WORKING_SPACE\수영\정리\연구\PUBLICATION\2014년\SCI (WSN 보안을 위한 키 재분배)\실험\WSNSECSIMNEW(20140912)\BRANCHES\DIHA_NEWLKH\DIHA_NEWLKH\DEBUG\KMR_NEWLKH.OBJ
D:\DaumCloud\Working_Space\수영\정리\연구\Publication\2014년\SCI (WSN 보안을 위한 키 재분배)\실험\wsnsecsimNew(20140912)\branches\DIHA_NEWLKH\DIHA_NEWLKH\Debug\link.command.1.tlog
D:\DaumCloud\Working_Space\수영\정리\연구\Publication\2014년\SCI (WSN 보안을 위한 키 재분배)\실험\wsnsecsimNew(20140912)\branches\DIHA_NEWLKH\DIHA_NEWLKH\Debug\link.read.1.tlog
D:\DaumCloud\Working_Space\수영\정리\연구\Publication\2014년\SCI (WSN 보안을 위한 키 재분배)\실험\wsnsecsimNew(20140912)\branches\DIHA_NEWLKH\DIHA_NEWLKH\Debug\link.write.1.tlog
D:\DAUMCLOUD\WORKING_SPACE\수영\정리\연구\PUBLICATION\2014년\SCI (WSN 보안을 위한 키 재분배)\실험\WSNSECSIMNEW(20140912)\BRANCHES\DIHA_NEWLKH\DIHA_NEWLKH\DEBUG\MAIN.OBJ
D:\DaumCloud\Working_Space\수영\정리\연구\Publication\2014년\SCI (WSN 보안을 위한 키 재분배)\실험\wsnsecsimNew(20140912)\branches\DIHA_NEWLKH\DIHA_NEWLKH\Debug\mt.command.1.tlog
D:\DaumCloud\Working_Space\수영\정리\연구\Publication\2014년\SCI (WSN 보안을 위한 키 재분배)\실험\wsnsecsimNew(20140912)\branches\DIHA_NEWLKH\DIHA_NEWLKH\Debug\mt.read.1.tlog
D:\DaumCloud\Working_Space\수영\정리\연구\Publication\2014년\SCI (WSN 보안을 위한 키 재분배)\실험\wsnsecsimNew(20140912)\branches\DIHA_NEWLKH\DIHA_NEWLKH\Debug\mt.write.1.tlog
D:\DAUMCLOUD\WORKING_SPACE\수영\정리\연구\PUBLICATION\2014년\SCI (WSN 보안을 위한 키 재분배)\실험\WSNSECSIMNEW(20140912)\BRANCHES\DIHA_NEWLKH\DIHA_NEWLKH\DEBUG\NODE.OBJ
D:\DAUMCLOUD\WORKING_SPACE\수영\정리\연구\PUBLICATION\2014년\SCI (WSN 보안을 위한 키 재분배)\실험\WSNSECSIMNEW(20140912)\BRANCHES\DIHA_NEWLKH\DIHA_NEWLKH\DEBUG\RAND.OBJ
D:\DAUMCLOUD\WORKING_SPACE\수영\정리\연구\PUBLICATION\2014년\SCI (WSN 보안을 위한 키 재분배)\실험\WSNSECSIMNEW(20140912)\BRANCHES\DIHA_NEWLKH\DIHA_NEWLKH\DEBUG\RTN.OBJ
D:\DAUMCLOUD\WORKING_SPACE\수영\정리\연구\PUBLICATION\2014년\SCI (WSN 보안을 위한 키 재분배)\실험\WSNSECSIMNEW(20140912)\BRANCHES\DIHA_NEWLKH\DIHA_NEWLKH\DEBUG\RTN_DIHA.OBJ
D:\DAUMCLOUD\WORKING_SPACE\수영\정리\연구\PUBLICATION\2014년\SCI (WSN 보안을 위한 키 재분배)\실험\WSNSECSIMNEW(20140912)\BRANCHES\DIHA_NEWLKH\DIHA_NEWLKH\DEBUG\RTN_IHA.OBJ
D:\DAUMCLOUD\WORKING_SPACE\수영\정리\연구\PUBLICATION\2014년\SCI (WSN 보안을 위한 키 재분배)\실험\WSNSECSIMNEW(20140912)\BRANCHES\DIHA_NEWLKH\DIHA_NEWLKH\DEBUG\SEC.OBJ
D:\DAUMCLOUD\WORKING_SPACE\수영\정리\연구\PUBLICATION\2014년\SCI (WSN 보안을 위한 키 재분배)\실험\WSNSECSIMNEW(20140912)\BRANCHES\DIHA_NEWLKH\DIHA_NEWLKH\DEBUG\SEC_DIHA.OBJ
D:\DAUMCLOUD\WORKING_SPACE\수영\정리\연구\PUBLICATION\2014년\SCI (WSN 보안을 위한 키 재분배)\실험\WSNSECSIMNEW(20140912)\BRANCHES\DIHA_NEWLKH\DIHA_NEWLKH\DEBUG\SEC_IHA.OBJ
D:\DAUMCLOUD\WORKING_SPACE\수영\정리\연구\PUBLICATION\2014년\SCI (WSN 보안을 위한 키 재분배)\실험\WSNSECSIMNEW(20140912)\BRANCHES\DIHA_NEWLKH\DIHA_NEWLKH\DEBUG\SRCHGRPH.OBJ
D:\DAUMCLOUD\WORKING_SPACE\수영\정리\연구\PUBLICATION\2014년\SCI (WSN 보안을 위한 키 재분배)\실험\WSNSECSIMNEW(20140912)\BRANCHES\DIHA_NEWLKH\DIHA_NEWLKH\DEBUG\SRCHNODE.OBJ
D:\DAUMCLOUD\WORKING_SPACE\수영\정리\연구\PUBLICATION\2014년\SCI (WSN 보안을 위한 키 재분배)\실험\WSNSECSIMNEW(20140912)\BRANCHES\DIHA_NEWLKH\DIHA_NEWLKH\DEBUG\SRCHNODE_KTS.OBJ
D:\DAUMCLOUD\WORKING_SPACE\수영\정리\연구\PUBLICATION\2014년\SCI (WSN 보안을 위한 키 재분배)\실험\WSNSECSIMNEW(20140912)\BRANCHES\DIHA_NEWLKH\DIHA_NEWLKH\DEBUG\TST_MAIN_KEYTREETEST.OBJ
D:\DaumCloud\Working_Space\수영\정리\연구\Publication\2014년\SCI (WSN 보안을 위한 키 재분배)\실험\wsnsecsimNew(20140912)\branches\DIHA_NEWLKH\DIHA_NEWLKH\Debug\vc100.idb
D:\DAUMCLOUD\WORKING_SPACE\수영\정리\연구\PUBLICATION\2014년\SCI (WSN 보안을 위한 키 재분배)\실험\WSNSECSIMNEW(20140912)\BRANCHES\DIHA_NEWLKH\DIHA_NEWLKH\DEBUG\VC100.PDB
